CRITICAL - 2020-03-31 14:15:26 --> Class 'Kint\Kint' not found
#0 /home/smhn/phpdocs/smhnaqvi/system/CodeIgniter.php(224): require_once()
#1 /home/smhn/phpdocs/smhnaqvi/system/CodeIgniter.php(193): CodeIgniter\CodeIgniter->initializeKint()
#2 /home/smhn/phpdocs/smhnaqvi/system/bootstrap.php(168): CodeIgniter\CodeIgniter->initialize()
#3 /home/smhn/phpdocs/smhnaqvi/spark(44): require('/home/smhn/phpd...')
#4 {main}
CRITICAL - 2020-03-31 14:22:05 --> syntax error, unexpected '}', expecting ';'
#0 /home/smhn/phpdocs/smhnaqvi/system/Autoloader/Autoloader.php(296): CodeIgniter\Autoloader\Autoloader->requireFile('/home/smhn/phpd...')
#1 /home/smhn/phpdocs/smhnaqvi/system/Autoloader/Autoloader.php(258): CodeIgniter\Autoloader\Autoloader->loadInNamespace('App\\Controllers...')
#2 [internal function]: CodeIgniter\Autoloader\Autoloader->loadClass('App\\Controllers...')
#3 [internal function]: spl_autoload_call('App\\Controllers...')
#4 /home/smhn/phpdocs/smhnaqvi/system/CodeIgniter.php(861): class_exists('\\App\\Controller...', true)
#5 /home/smhn/phpdocs/smhnaqvi/system/CodeIgniter.php(388): CodeIgniter\CodeIgniter->startController()
#6 /home/smhn/phpdocs/smhnaqvi/system/CodeIgniter.php(306): CodeIgniter\CodeIgniter->handleRequest(NULL, Object(Config\Cache), false)
#7 /home/smhn/phpdocs/smhnaqvi/public/index.php(45): CodeIgniter\CodeIgniter->run()
#8 /home/smhn/phpdocs/smhnaqvi/system/Commands/Server/rewrite.php(34): require_once('/home/smhn/phpd...')
#9 {main}
CRITICAL - 2020-03-31 14:22:16 --> syntax error, unexpected '}', expecting ';'
#0 /home/smhn/phpdocs/smhnaqvi/system/Autoloader/Autoloader.php(296): CodeIgniter\Autoloader\Autoloader->requireFile('/home/smhn/phpd...')
#1 /home/smhn/phpdocs/smhnaqvi/system/Autoloader/Autoloader.php(258): CodeIgniter\Autoloader\Autoloader->loadInNamespace('App\\Controllers...')
#2 [internal function]: CodeIgniter\Autoloader\Autoloader->loadClass('App\\Controllers...')
#3 [internal function]: spl_autoload_call('App\\Controllers...')
#4 /home/smhn/phpdocs/smhnaqvi/system/CodeIgniter.php(861): class_exists('\\App\\Controller...', true)
#5 /home/smhn/phpdocs/smhnaqvi/system/CodeIgniter.php(388): CodeIgniter\CodeIgniter->startController()
#6 /home/smhn/phpdocs/smhnaqvi/system/CodeIgniter.php(306): CodeIgniter\CodeIgniter->handleRequest(NULL, Object(Config\Cache), false)
#7 /home/smhn/phpdocs/smhnaqvi/public/index.php(45): CodeIgniter\CodeIgniter->run()
#8 /home/smhn/phpdocs/smhnaqvi/system/Commands/Server/rewrite.php(34): require_once('/home/smhn/phpd...')
#9 {main}
CRITICAL - 2020-03-31 14:22:17 --> syntax error, unexpected '}', expecting ';'
#0 /home/smhn/phpdocs/smhnaqvi/system/Autoloader/Autoloader.php(296): CodeIgniter\Autoloader\Autoloader->requireFile('/home/smhn/phpd...')
#1 /home/smhn/phpdocs/smhnaqvi/system/Autoloader/Autoloader.php(258): CodeIgniter\Autoloader\Autoloader->loadInNamespace('App\\Controllers...')
#2 [internal function]: CodeIgniter\Autoloader\Autoloader->loadClass('App\\Controllers...')
#3 [internal function]: spl_autoload_call('App\\Controllers...')
#4 /home/smhn/phpdocs/smhnaqvi/system/CodeIgniter.php(861): class_exists('\\App\\Controller...', true)
#5 /home/smhn/phpdocs/smhnaqvi/system/CodeIgniter.php(388): CodeIgniter\CodeIgniter->startController()
#6 /home/smhn/phpdocs/smhnaqvi/system/CodeIgniter.php(306): CodeIgniter\CodeIgniter->handleRequest(NULL, Object(Config\Cache), false)
#7 /home/smhn/phpdocs/smhnaqvi/public/index.php(45): CodeIgniter\CodeIgniter->run()
#8 /home/smhn/phpdocs/smhnaqvi/system/Commands/Server/rewrite.php(34): require_once('/home/smhn/phpd...')
#9 {main}
CRITICAL - 2020-03-31 14:22:17 --> syntax error, unexpected '}', expecting ';'
#0 /home/smhn/phpdocs/smhnaqvi/system/Autoloader/Autoloader.php(296): CodeIgniter\Autoloader\Autoloader->requireFile('/home/smhn/phpd...')
#1 /home/smhn/phpdocs/smhnaqvi/system/Autoloader/Autoloader.php(258): CodeIgniter\Autoloader\Autoloader->loadInNamespace('App\\Controllers...')
#2 [internal function]: CodeIgniter\Autoloader\Autoloader->loadClass('App\\Controllers...')
#3 [internal function]: spl_autoload_call('App\\Controllers...')
#4 /home/smhn/phpdocs/smhnaqvi/system/CodeIgniter.php(861): class_exists('\\App\\Controller...', true)
#5 /home/smhn/phpdocs/smhnaqvi/system/CodeIgniter.php(388): CodeIgniter\CodeIgniter->startController()
#6 /home/smhn/phpdocs/smhnaqvi/system/CodeIgniter.php(306): CodeIgniter\CodeIgniter->handleRequest(NULL, Object(Config\Cache), false)
#7 /home/smhn/phpdocs/smhnaqvi/public/index.php(45): CodeIgniter\CodeIgniter->run()
#8 /home/smhn/phpdocs/smhnaqvi/system/Commands/Server/rewrite.php(34): require_once('/home/smhn/phpd...')
#9 {main}
CRITICAL - 2020-03-31 14:22:17 --> syntax error, unexpected '}', expecting ';'
#0 /home/smhn/phpdocs/smhnaqvi/system/Autoloader/Autoloader.php(296): CodeIgniter\Autoloader\Autoloader->requireFile('/home/smhn/phpd...')
#1 /home/smhn/phpdocs/smhnaqvi/system/Autoloader/Autoloader.php(258): CodeIgniter\Autoloader\Autoloader->loadInNamespace('App\\Controllers...')
#2 [internal function]: CodeIgniter\Autoloader\Autoloader->loadClass('App\\Controllers...')
#3 [internal function]: spl_autoload_call('App\\Controllers...')
#4 /home/smhn/phpdocs/smhnaqvi/system/CodeIgniter.php(861): class_exists('\\App\\Controller...', true)
#5 /home/smhn/phpdocs/smhnaqvi/system/CodeIgniter.php(388): CodeIgniter\CodeIgniter->startController()
#6 /home/smhn/phpdocs/smhnaqvi/system/CodeIgniter.php(306): CodeIgniter\CodeIgniter->handleRequest(NULL, Object(Config\Cache), false)
#7 /home/smhn/phpdocs/smhnaqvi/public/index.php(45): CodeIgniter\CodeIgniter->run()
#8 /home/smhn/phpdocs/smhnaqvi/system/Commands/Server/rewrite.php(34): require_once('/home/smhn/phpd...')
#9 {main}
CRITICAL - 2020-03-31 14:22:19 --> syntax error, unexpected '}', expecting ';'
#0 /home/smhn/phpdocs/smhnaqvi/system/Autoloader/Autoloader.php(296): CodeIgniter\Autoloader\Autoloader->requireFile('/home/smhn/phpd...')
#1 /home/smhn/phpdocs/smhnaqvi/system/Autoloader/Autoloader.php(258): CodeIgniter\Autoloader\Autoloader->loadInNamespace('App\\Controllers...')
#2 [internal function]: CodeIgniter\Autoloader\Autoloader->loadClass('App\\Controllers...')
#3 [internal function]: spl_autoload_call('App\\Controllers...')
#4 /home/smhn/phpdocs/smhnaqvi/system/CodeIgniter.php(861): class_exists('\\App\\Controller...', true)
#5 /home/smhn/phpdocs/smhnaqvi/system/CodeIgniter.php(388): CodeIgniter\CodeIgniter->startController()
#6 /home/smhn/phpdocs/smhnaqvi/system/CodeIgniter.php(306): CodeIgniter\CodeIgniter->handleRequest(NULL, Object(Config\Cache), false)
#7 /home/smhn/phpdocs/smhnaqvi/public/index.php(45): CodeIgniter\CodeIgniter->run()
#8 /home/smhn/phpdocs/smhnaqvi/system/Commands/Server/rewrite.php(34): require_once('/home/smhn/phpd...')
#9 {main}
CRITICAL - 2020-03-31 14:22:19 --> syntax error, unexpected '}', expecting ';'
#0 /home/smhn/phpdocs/smhnaqvi/system/Autoloader/Autoloader.php(296): CodeIgniter\Autoloader\Autoloader->requireFile('/home/smhn/phpd...')
#1 /home/smhn/phpdocs/smhnaqvi/system/Autoloader/Autoloader.php(258): CodeIgniter\Autoloader\Autoloader->loadInNamespace('App\\Controllers...')
#2 [internal function]: CodeIgniter\Autoloader\Autoloader->loadClass('App\\Controllers...')
#3 [internal function]: spl_autoload_call('App\\Controllers...')
#4 /home/smhn/phpdocs/smhnaqvi/system/CodeIgniter.php(861): class_exists('\\App\\Controller...', true)
#5 /home/smhn/phpdocs/smhnaqvi/system/CodeIgniter.php(388): CodeIgniter\CodeIgniter->startController()
#6 /home/smhn/phpdocs/smhnaqvi/system/CodeIgniter.php(306): CodeIgniter\CodeIgniter->handleRequest(NULL, Object(Config\Cache), false)
#7 /home/smhn/phpdocs/smhnaqvi/public/index.php(45): CodeIgniter\CodeIgniter->run()
#8 /home/smhn/phpdocs/smhnaqvi/system/Commands/Server/rewrite.php(34): require_once('/home/smhn/phpd...')
#9 {main}
CRITICAL - 2020-03-31 14:22:20 --> syntax error, unexpected '}', expecting ';'
#0 /home/smhn/phpdocs/smhnaqvi/system/Autoloader/Autoloader.php(296): CodeIgniter\Autoloader\Autoloader->requireFile('/home/smhn/phpd...')
#1 /home/smhn/phpdocs/smhnaqvi/system/Autoloader/Autoloader.php(258): CodeIgniter\Autoloader\Autoloader->loadInNamespace('App\\Controllers...')
#2 [internal function]: CodeIgniter\Autoloader\Autoloader->loadClass('App\\Controllers...')
#3 [internal function]: spl_autoload_call('App\\Controllers...')
#4 /home/smhn/phpdocs/smhnaqvi/system/CodeIgniter.php(861): class_exists('\\App\\Controller...', true)
#5 /home/smhn/phpdocs/smhnaqvi/system/CodeIgniter.php(388): CodeIgniter\CodeIgniter->startController()
#6 /home/smhn/phpdocs/smhnaqvi/system/CodeIgniter.php(306): CodeIgniter\CodeIgniter->handleRequest(NULL, Object(Config\Cache), false)
#7 /home/smhn/phpdocs/smhnaqvi/public/index.php(45): CodeIgniter\CodeIgniter->run()
#8 /home/smhn/phpdocs/smhnaqvi/system/Commands/Server/rewrite.php(34): require_once('/home/smhn/phpd...')
#9 {main}
CRITICAL - 2020-03-31 14:22:20 --> syntax error, unexpected '}', expecting ';'
#0 /home/smhn/phpdocs/smhnaqvi/system/Autoloader/Autoloader.php(296): CodeIgniter\Autoloader\Autoloader->requireFile('/home/smhn/phpd...')
#1 /home/smhn/phpdocs/smhnaqvi/system/Autoloader/Autoloader.php(258): CodeIgniter\Autoloader\Autoloader->loadInNamespace('App\\Controllers...')
#2 [internal function]: CodeIgniter\Autoloader\Autoloader->loadClass('App\\Controllers...')
#3 [internal function]: spl_autoload_call('App\\Controllers...')
#4 /home/smhn/phpdocs/smhnaqvi/system/CodeIgniter.php(861): class_exists('\\App\\Controller...', true)
#5 /home/smhn/phpdocs/smhnaqvi/system/CodeIgniter.php(388): CodeIgniter\CodeIgniter->startController()
#6 /home/smhn/phpdocs/smhnaqvi/system/CodeIgniter.php(306): CodeIgniter\CodeIgniter->handleRequest(NULL, Object(Config\Cache), false)
#7 /home/smhn/phpdocs/smhnaqvi/public/index.php(45): CodeIgniter\CodeIgniter->run()
#8 /home/smhn/phpdocs/smhnaqvi/system/Commands/Server/rewrite.php(34): require_once('/home/smhn/phpd...')
#9 {main}
CRITICAL - 2020-03-31 14:22:20 --> syntax error, unexpected '}', expecting ';'
#0 /home/smhn/phpdocs/smhnaqvi/system/Autoloader/Autoloader.php(296): CodeIgniter\Autoloader\Autoloader->requireFile('/home/smhn/phpd...')
#1 /home/smhn/phpdocs/smhnaqvi/system/Autoloader/Autoloader.php(258): CodeIgniter\Autoloader\Autoloader->loadInNamespace('App\\Controllers...')
#2 [internal function]: CodeIgniter\Autoloader\Autoloader->loadClass('App\\Controllers...')
#3 [internal function]: spl_autoload_call('App\\Controllers...')
#4 /home/smhn/phpdocs/smhnaqvi/system/CodeIgniter.php(861): class_exists('\\App\\Controller...', true)
#5 /home/smhn/phpdocs/smhnaqvi/system/CodeIgniter.php(388): CodeIgniter\CodeIgniter->startController()
#6 /home/smhn/phpdocs/smhnaqvi/system/CodeIgniter.php(306): CodeIgniter\CodeIgniter->handleRequest(NULL, Object(Config\Cache), false)
#7 /home/smhn/phpdocs/smhnaqvi/public/index.php(45): CodeIgniter\CodeIgniter->run()
#8 /home/smhn/phpdocs/smhnaqvi/system/Commands/Server/rewrite.php(34): require_once('/home/smhn/phpd...')
#9 {main}
CRITICAL - 2020-03-31 14:22:20 --> syntax error, unexpected '}', expecting ';'
#0 /home/smhn/phpdocs/smhnaqvi/system/Autoloader/Autoloader.php(296): CodeIgniter\Autoloader\Autoloader->requireFile('/home/smhn/phpd...')
#1 /home/smhn/phpdocs/smhnaqvi/system/Autoloader/Autoloader.php(258): CodeIgniter\Autoloader\Autoloader->loadInNamespace('App\\Controllers...')
#2 [internal function]: CodeIgniter\Autoloader\Autoloader->loadClass('App\\Controllers...')
#3 [internal function]: spl_autoload_call('App\\Controllers...')
#4 /home/smhn/phpdocs/smhnaqvi/system/CodeIgniter.php(861): class_exists('\\App\\Controller...', true)
#5 /home/smhn/phpdocs/smhnaqvi/system/CodeIgniter.php(388): CodeIgniter\CodeIgniter->startController()
#6 /home/smhn/phpdocs/smhnaqvi/system/CodeIgniter.php(306): CodeIgniter\CodeIgniter->handleRequest(NULL, Object(Config\Cache), false)
#7 /home/smhn/phpdocs/smhnaqvi/public/index.php(45): CodeIgniter\CodeIgniter->run()
#8 /home/smhn/phpdocs/smhnaqvi/system/Commands/Server/rewrite.php(34): require_once('/home/smhn/phpd...')
#9 {main}
CRITICAL - 2020-03-31 14:22:21 --> syntax error, unexpected '}', expecting ';'
#0 /home/smhn/phpdocs/smhnaqvi/system/Autoloader/Autoloader.php(296): CodeIgniter\Autoloader\Autoloader->requireFile('/home/smhn/phpd...')
#1 /home/smhn/phpdocs/smhnaqvi/system/Autoloader/Autoloader.php(258): CodeIgniter\Autoloader\Autoloader->loadInNamespace('App\\Controllers...')
#2 [internal function]: CodeIgniter\Autoloader\Autoloader->loadClass('App\\Controllers...')
#3 [internal function]: spl_autoload_call('App\\Controllers...')
#4 /home/smhn/phpdocs/smhnaqvi/system/CodeIgniter.php(861): class_exists('\\App\\Controller...', true)
#5 /home/smhn/phpdocs/smhnaqvi/system/CodeIgniter.php(388): CodeIgniter\CodeIgniter->startController()
#6 /home/smhn/phpdocs/smhnaqvi/system/CodeIgniter.php(306): CodeIgniter\CodeIgniter->handleRequest(NULL, Object(Config\Cache), false)
#7 /home/smhn/phpdocs/smhnaqvi/public/index.php(45): CodeIgniter\CodeIgniter->run()
#8 /home/smhn/phpdocs/smhnaqvi/system/Commands/Server/rewrite.php(34): require_once('/home/smhn/phpd...')
#9 {main}
CRITICAL - 2020-03-31 14:22:22 --> syntax error, unexpected '}', expecting ';'
#0 /home/smhn/phpdocs/smhnaqvi/system/Autoloader/Autoloader.php(296): CodeIgniter\Autoloader\Autoloader->requireFile('/home/smhn/phpd...')
#1 /home/smhn/phpdocs/smhnaqvi/system/Autoloader/Autoloader.php(258): CodeIgniter\Autoloader\Autoloader->loadInNamespace('App\\Controllers...')
#2 [internal function]: CodeIgniter\Autoloader\Autoloader->loadClass('App\\Controllers...')
#3 [internal function]: spl_autoload_call('App\\Controllers...')
#4 /home/smhn/phpdocs/smhnaqvi/system/CodeIgniter.php(861): class_exists('\\App\\Controller...', true)
#5 /home/smhn/phpdocs/smhnaqvi/system/CodeIgniter.php(388): CodeIgniter\CodeIgniter->startController()
#6 /home/smhn/phpdocs/smhnaqvi/system/CodeIgniter.php(306): CodeIgniter\CodeIgniter->handleRequest(NULL, Object(Config\Cache), false)
#7 /home/smhn/phpdocs/smhnaqvi/public/index.php(45): CodeIgniter\CodeIgniter->run()
#8 /home/smhn/phpdocs/smhnaqvi/system/Commands/Server/rewrite.php(34): require_once('/home/smhn/phpd...')
#9 {main}
CRITICAL - 2020-03-31 14:22:22 --> syntax error, unexpected '}', expecting ';'
#0 /home/smhn/phpdocs/smhnaqvi/system/Autoloader/Autoloader.php(296): CodeIgniter\Autoloader\Autoloader->requireFile('/home/smhn/phpd...')
#1 /home/smhn/phpdocs/smhnaqvi/system/Autoloader/Autoloader.php(258): CodeIgniter\Autoloader\Autoloader->loadInNamespace('App\\Controllers...')
#2 [internal function]: CodeIgniter\Autoloader\Autoloader->loadClass('App\\Controllers...')
#3 [internal function]: spl_autoload_call('App\\Controllers...')
#4 /home/smhn/phpdocs/smhnaqvi/system/CodeIgniter.php(861): class_exists('\\App\\Controller...', true)
#5 /home/smhn/phpdocs/smhnaqvi/system/CodeIgniter.php(388): CodeIgniter\CodeIgniter->startController()
#6 /home/smhn/phpdocs/smhnaqvi/system/CodeIgniter.php(306): CodeIgniter\CodeIgniter->handleRequest(NULL, Object(Config\Cache), false)
#7 /home/smhn/phpdocs/smhnaqvi/public/index.php(45): CodeIgniter\CodeIgniter->run()
#8 /home/smhn/phpdocs/smhnaqvi/system/Commands/Server/rewrite.php(34): require_once('/home/smhn/phpd...')
#9 {main}
CRITICAL - 2020-03-31 14:22:22 --> syntax error, unexpected '}', expecting ';'
#0 /home/smhn/phpdocs/smhnaqvi/system/Autoloader/Autoloader.php(296): CodeIgniter\Autoloader\Autoloader->requireFile('/home/smhn/phpd...')
#1 /home/smhn/phpdocs/smhnaqvi/system/Autoloader/Autoloader.php(258): CodeIgniter\Autoloader\Autoloader->loadInNamespace('App\\Controllers...')
#2 [internal function]: CodeIgniter\Autoloader\Autoloader->loadClass('App\\Controllers...')
#3 [internal function]: spl_autoload_call('App\\Controllers...')
#4 /home/smhn/phpdocs/smhnaqvi/system/CodeIgniter.php(861): class_exists('\\App\\Controller...', true)
#5 /home/smhn/phpdocs/smhnaqvi/system/CodeIgniter.php(388): CodeIgniter\CodeIgniter->startController()
#6 /home/smhn/phpdocs/smhnaqvi/system/CodeIgniter.php(306): CodeIgniter\CodeIgniter->handleRequest(NULL, Object(Config\Cache), false)
#7 /home/smhn/phpdocs/smhnaqvi/public/index.php(45): CodeIgniter\CodeIgniter->run()
#8 /home/smhn/phpdocs/smhnaqvi/system/Commands/Server/rewrite.php(34): require_once('/home/smhn/phpd...')
#9 {main}
CRITICAL - 2020-03-31 14:22:22 --> syntax error, unexpected '}', expecting ';'
#0 /home/smhn/phpdocs/smhnaqvi/system/Autoloader/Autoloader.php(296): CodeIgniter\Autoloader\Autoloader->requireFile('/home/smhn/phpd...')
#1 /home/smhn/phpdocs/smhnaqvi/system/Autoloader/Autoloader.php(258): CodeIgniter\Autoloader\Autoloader->loadInNamespace('App\\Controllers...')
#2 [internal function]: CodeIgniter\Autoloader\Autoloader->loadClass('App\\Controllers...')
#3 [internal function]: spl_autoload_call('App\\Controllers...')
#4 /home/smhn/phpdocs/smhnaqvi/system/CodeIgniter.php(861): class_exists('\\App\\Controller...', true)
#5 /home/smhn/phpdocs/smhnaqvi/system/CodeIgniter.php(388): CodeIgniter\CodeIgniter->startController()
#6 /home/smhn/phpdocs/smhnaqvi/system/CodeIgniter.php(306): CodeIgniter\CodeIgniter->handleRequest(NULL, Object(Config\Cache), false)
#7 /home/smhn/phpdocs/smhnaqvi/public/index.php(45): CodeIgniter\CodeIgniter->run()
#8 /home/smhn/phpdocs/smhnaqvi/system/Commands/Server/rewrite.php(34): require_once('/home/smhn/phpd...')
#9 {main}
CRITICAL - 2020-03-31 14:23:08 --> syntax error, unexpected '}', expecting ';'
#0 /home/smhn/phpdocs/smhnaqvi/system/Autoloader/Autoloader.php(296): CodeIgniter\Autoloader\Autoloader->requireFile('/home/smhn/phpd...')
#1 /home/smhn/phpdocs/smhnaqvi/system/Autoloader/Autoloader.php(258): CodeIgniter\Autoloader\Autoloader->loadInNamespace('App\\Controllers...')
#2 [internal function]: CodeIgniter\Autoloader\Autoloader->loadClass('App\\Controllers...')
#3 [internal function]: spl_autoload_call('App\\Controllers...')
#4 /home/smhn/phpdocs/smhnaqvi/system/CodeIgniter.php(861): class_exists('\\App\\Controller...', true)
#5 /home/smhn/phpdocs/smhnaqvi/system/CodeIgniter.php(388): CodeIgniter\CodeIgniter->startController()
#6 /home/smhn/phpdocs/smhnaqvi/system/CodeIgniter.php(306): CodeIgniter\CodeIgniter->handleRequest(NULL, Object(Config\Cache), false)
#7 /home/smhn/phpdocs/smhnaqvi/public/index.php(45): CodeIgniter\CodeIgniter->run()
#8 /home/smhn/phpdocs/smhnaqvi/system/Commands/Server/rewrite.php(34): require_once('/home/smhn/phpd...')
#9 {main}
CRITICAL - 2020-03-31 14:23:08 --> syntax error, unexpected '}', expecting ';'
#0 /home/smhn/phpdocs/smhnaqvi/system/Autoloader/Autoloader.php(296): CodeIgniter\Autoloader\Autoloader->requireFile('/home/smhn/phpd...')
#1 /home/smhn/phpdocs/smhnaqvi/system/Autoloader/Autoloader.php(258): CodeIgniter\Autoloader\Autoloader->loadInNamespace('App\\Controllers...')
#2 [internal function]: CodeIgniter\Autoloader\Autoloader->loadClass('App\\Controllers...')
#3 [internal function]: spl_autoload_call('App\\Controllers...')
#4 /home/smhn/phpdocs/smhnaqvi/system/CodeIgniter.php(861): class_exists('\\App\\Controller...', true)
#5 /home/smhn/phpdocs/smhnaqvi/system/CodeIgniter.php(388): CodeIgniter\CodeIgniter->startController()
#6 /home/smhn/phpdocs/smhnaqvi/system/CodeIgniter.php(306): CodeIgniter\CodeIgniter->handleRequest(NULL, Object(Config\Cache), false)
#7 /home/smhn/phpdocs/smhnaqvi/public/index.php(45): CodeIgniter\CodeIgniter->run()
#8 /home/smhn/phpdocs/smhnaqvi/system/Commands/Server/rewrite.php(34): require_once('/home/smhn/phpd...')
#9 {main}
CRITICAL - 2020-03-31 14:23:25 --> syntax error, unexpected '}', expecting ';'
#0 /home/smhn/phpdocs/smhnaqvi/system/Autoloader/Autoloader.php(296): CodeIgniter\Autoloader\Autoloader->requireFile('/home/smhn/phpd...')
#1 /home/smhn/phpdocs/smhnaqvi/system/Autoloader/Autoloader.php(258): CodeIgniter\Autoloader\Autoloader->loadInNamespace('App\\Controllers...')
#2 [internal function]: CodeIgniter\Autoloader\Autoloader->loadClass('App\\Controllers...')
#3 [internal function]: spl_autoload_call('App\\Controllers...')
#4 /home/smhn/phpdocs/smhnaqvi/system/CodeIgniter.php(861): class_exists('\\App\\Controller...', true)
#5 /home/smhn/phpdocs/smhnaqvi/system/CodeIgniter.php(388): CodeIgniter\CodeIgniter->startController()
#6 /home/smhn/phpdocs/smhnaqvi/system/CodeIgniter.php(306): CodeIgniter\CodeIgniter->handleRequest(NULL, Object(Config\Cache), false)
#7 /home/smhn/phpdocs/smhnaqvi/public/index.php(45): CodeIgniter\CodeIgniter->run()
#8 /home/smhn/phpdocs/smhnaqvi/system/Commands/Server/rewrite.php(34): require_once('/home/smhn/phpd...')
#9 {main}
CRITICAL - 2020-03-31 14:25:56 --> syntax error, unexpected '}', expecting ';'
#0 /home/smhn/phpdocs/smhnaqvi/system/Autoloader/Autoloader.php(296): CodeIgniter\Autoloader\Autoloader->requireFile('/home/smhn/phpd...')
#1 /home/smhn/phpdocs/smhnaqvi/system/Autoloader/Autoloader.php(258): CodeIgniter\Autoloader\Autoloader->loadInNamespace('App\\Controllers...')
#2 [internal function]: CodeIgniter\Autoloader\Autoloader->loadClass('App\\Controllers...')
#3 [internal function]: spl_autoload_call('App\\Controllers...')
#4 /home/smhn/phpdocs/smhnaqvi/system/CodeIgniter.php(861): class_exists('\\App\\Controller...', true)
#5 /home/smhn/phpdocs/smhnaqvi/system/CodeIgniter.php(388): CodeIgniter\CodeIgniter->startController()
#6 /home/smhn/phpdocs/smhnaqvi/system/CodeIgniter.php(306): CodeIgniter\CodeIgniter->handleRequest(NULL, Object(Config\Cache), false)
#7 /home/smhn/phpdocs/smhnaqvi/public/index.php(45): CodeIgniter\CodeIgniter->run()
#8 /home/smhn/phpdocs/smhnaqvi/system/Commands/Server/rewrite.php(34): require_once('/home/smhn/phpd...')
#9 {main}
